1677595250773:--conf-dump /Users/liuanglin/Desktop
1677595263802:--conf-dump /Users/liuanglin/Desktop/tmp.yml
1677595265915:quit
1677597510726:--conf-allk
1677597515102:--conf-all
1677597537244:--init-conf fl_dev
1677597552997:--bucket-keys angersbucket
1677630321246:help
1677630384588:--conf-all
1677651069474:init-conf fl_dev
1677651079611:--init-conf fl_dev
1677651100291:--bucket-list angersbucket
1677651115262:stacktrace
1677651131608:help
1677651148743:--bucket-keys
1677651157070:--bucket-keys angersbucket
1677651183104:--object-delete angersbucket rtx.dmg
1677651198275:--bucket-keys angersbucket
1677651201499:quit
1677652962692:--conf-all
1677652965984:quit
1677653251745:--init-from fl_dev
1677653270785:--bucket-objects angersbucket
1677653362243:--init-from fl_dev
1677653378454:--bucket-objects angersbucket
1677653445111:--init-from fldev
1677653454804:--init-from fl_dev
1677653466762:--bucket-objects angersbucket
1677653474810:quit
1677670351395:help
1677670380441:quit
1677720312577:help
1677720363625:--conf-list
1677720370980:--conf-all
1677720375762:quit
1677720488636:help
1677720503229:quit
1677745002917:help
1677745013697:--conf-all
1677745023433:--init-from fl_dev
1677745075911:--batch-upload angersbucket /Users/liuanglin/Projects/anger-lab/cloud/
1677745092131:stacktrace
1677745284561:init-from fl_dev
1677745296473:--init-from fl_dev
1677745306625:--batch-upload /Users/liuanglin/Projects/anger-lab/cloud
1677745317634:--batch-upload angersbucket /Users/liuanglin/Projects/anger-lab/cloud/
1677745379021:--init-from fl_dev
1677745396962:--batch-upload angersbucket /Users/liuanglin/Projects/anger-lab/cloud/
1677745542484:--batch-download angersbucket /Users/liuanglin/data/tmp/
1677745604498:quit
1677745767815:--init-from fl_dev
1677745795374:--batch-download angersbucket /Users/liuanglin/data/tmp
1677746362222:quit
1677746478857:--init-from fl_dev
1677746505615:--batch-download angersbucket /Users/liuanglin/data/tmp
1677746872190:--init-from fl_dev
1677746896648:--batch-download angersbucket /Users/liuanglin/data/tmp/
1677802797537:quit
1677802833810:--init-from fl_dev
1677802852327:--bucket-objects angersbucket
1677802899158:--batch-upload /Users/liuanglin/data/test/
1677802908389:--batch-upload angersbucket /Users/liuanglin/data/test/
1677802922205:quit
1677803602011:--init-from fl_dev
1677803641112:--batch-download angersbucket /Users/liuanglin/data/test/
1677803856734:--init-from fl_dev
1677803889691:--batch-download angersbucket /Users/liuanglin/data/test/
1677806830216:--init-from fl_dev
1677806846285:--batch-download angersbucket /Users/liuanglin/data/test/
1677807193490:--init-from fl_dev
1677807225922:help
1677807251407:--object-delete caozuo.docx
1677807266740:--object-delete angersbucket caozuo.docx
1677807291006:--batch-download angersbucket /Users/liuanglin/data/test/
1677807319638:quit
1677819595308:--conf-all
1677819607378:--init-from minio
1677819611668:quit
1677819629773:--init-from minio
1677819645446:--bucket-all
1677819655347:--bucket-create local
1677819661419:--bucket-all
1677819671204:quit
1677819836479:--init-from minio
1677819841572:quit
1677819863456:--init-from minio
1677819877723:--bucket-objects
1677819886627:--bucket-objects local
1677819994746:--batch-upload local /Users/liuanglin/Projects/anger-lab/cloud/
1677820022971:--batch-delete local
1677820137539:--init-from minio
1677820161717:--batch-upload local /Users/liuanglin/Projects/anger-lab/spring
1677820184442:--bucket-objects local
1677820204019:--batch-delete local
1677826012449:help
1677826041631:quit
1677826087985:help
1677826978063:quit
1677827554546:--init-from minio
1677827609481:--batch-upload angersbucket /Users/liuanglin/Projects/anger-lab/
1677827649761:--batch-upload local /Users/liuanglin/Projects/anger-lab/patterns/
1677827667887:help
1677827686348:--bucket-objects local proxy
1677827719577:--batch-delete local proxy
1677827741682:--bucket-objects
1677827751109:--bucket-objects local
1677827806243:quit
1677827823944:--init-from minio
1677827835067:--bucket-objects local
1677828030076:--init-from minio
1677828041833:--bucket-objects local
1677828119365:quit
1677830781325:--init-from minio
1677830786230:pc
1677830788572:quit
